0 info it worked if it ends with ok
1 verbose cli [ 'D:\\Program Files\\nodejs\\\\node.exe',
1 verbose cli   'D:\\Program Files\\nodejs\\node_modules\\npm\\bin\\npm-cli.js',
1 verbose cli   'install' ]
2 info using npm@1.3.8
3 info using node@v0.10.18
4 verbose node symlink D:\Program Files\nodejs\\node.exe
5 error install Couldn't read dependencies
6 error Error: Invalid name: "<%= _.slugify(appname) %>"
6 error     at ensureValidName (D:\Program Files\nodejs\node_modules\npm\node_modules\read-package-json\node_modules\normalize-package-data\lib\fixer.js:281:15)
6 error     at Object.module.exports.fixNameField (D:\Program Files\nodejs\node_modules\npm\node_modules\read-package-json\node_modules\normalize-package-data\lib\fixer.js:196:5)
6 error     at D:\Program Files\nodejs\node_modules\npm\node_modules\read-package-json\node_modules\normalize-package-data\lib\normalize.js:29:38
6 error     at Array.forEach (native)
6 error     at normalize (D:\Program Files\nodejs\node_modules\npm\node_modules\read-package-json\node_modules\normalize-package-data\lib\normalize.js:28:15)
6 error     at final (D:\Program Files\nodejs\node_modules\npm\node_modules\read-package-json\read-json.js:310:33)
6 error     at then (D:\Program Files\nodejs\node_modules\npm\node_modules\read-package-json\read-json.js:124:33)
6 error     at D:\Program Files\nodejs\node_modules\npm\node_modules\read-package-json\read-json.js:234:40
6 error     at fs.js:266:14
6 error     at D:\Program Files\nodejs\node_modules\npm\node_modules\graceful-fs\graceful-fs.js:103:5
7 error If you need help, you may report this log at:
7 error     <http://github.com/isaacs/npm/issues>
7 error or email it to:
7 error     <npm-@googlegroups.com>
8 error System Windows_NT 6.1.7601
9 error command "D:\\Program Files\\nodejs\\\\node.exe" "D:\\Program Files\\nodejs\\node_modules\\npm\\bin\\npm-cli.js" "install"
10 error cwd E:\louxiaojian\usr\Desktop\yeoman\generator-fep\app\templates
11 error node -v v0.10.18
12 error npm -v 1.3.8
13 verbose exit [ 1, true ]
